<?xml version="1.0" encoding="UTF-8"?>
<!-- Generated by org.testng.reporters.JUnitReportReporter -->
<testsuite skipped="1" hostname="LAPTOP-0KRJ83MC" name="com.qa.quidlo.test.SignInTest" tests="1" failures="0" timestamp="26 Jul 2020 15:15:09 GMT" time="0.000" errors="0">
  <testcase name="verifySignInTest" time="0.000" classname="com.qa.quidlo.test.SignInTest">
    <skipped/>
  </testcase> <!-- verifySignInTest -->
</testsuite> <!-- com.qa.quidlo.test.SignInTest -->
