<?xml version="1.0" encoding="UTF-8"?>
<!-- Generated by org.testng.reporters.JUnitReportReporter -->
<testsuite skipped="0" hostname="LAPTOP-0KRJ83MC" name="com.qa.quidlo.test.SignupPageTest" tests="2" failures="0" timestamp="27 Jul 2020 19:46:36 GMT" time="53.565" errors="0">
  <testcase name="verifySignupPageTest" time="16.906" classname="com.qa.quidlo.test.SignupPageTest"/>
  <testcase name="verifySignupTest" time="36.659" classname="com.qa.quidlo.test.SignupPageTest"/>
</testsuite> <!-- com.qa.quidlo.test.SignupPageTest -->
