<?xml version="1.0" encoding="UTF-8"?>
<!-- Generated by org.testng.reporters.JUnitReportReporter -->
<testsuite skipped="0" hostname="LAPTOP-0KRJ83MC" name="com.qa.quidlo.test.HomePageTest" tests="2" failures="0" timestamp="27 Jul 2020 19:46:36 GMT" time="49.724" errors="0">
  <testcase name="verifySignUpPageNav" time="35.837" classname="com.qa.quidlo.test.HomePageTest"/>
  <testcase name="verifyHomePageTitle" time="13.887" classname="com.qa.quidlo.test.HomePageTest"/>
</testsuite> <!-- com.qa.quidlo.test.HomePageTest -->
