<?xml version="1.0" encoding="UTF-8"?>
<!-- Generated by org.testng.reporters.JUnitReportReporter -->
<testsuite skipped="0" hostname="LAPTOP-0KRJ83MC" name="com.qa.quidlo.test.GmailPageTest" tests="1" failures="0" timestamp="27 Jul 2020 18:03:28 GMT" time="38.024" errors="0">
  <testcase name="verifyActivationAccountClick" time="38.024" classname="com.qa.quidlo.test.GmailPageTest"/>
</testsuite> <!-- com.qa.quidlo.test.GmailPageTest -->
